<?xml version="1.0" encoding="UTF-8"?>
<testng-results skipped="0" failed="0" ignored="0" total="0" passed="0">
  <reporter-output>
  </reporter-output>
  <suite name="Default suite" duration-ms="28" started-at="2021-04-05T03:28:15 PDT" finished-at="2021-04-05T03:28:15 PDT">
    <groups>
    </groups>
    <test name="Default test" duration-ms="28" started-at="2021-04-05T03:28:15 PDT" finished-at="2021-04-05T03:28:15 PDT">
    </test> <!-- Default test -->
  </suite> <!-- Default suite -->
</testng-results>
